<?xml version="1.0" encoding="UTF-8"?>
<!-- Generated by org.testng.reporters.JUnitReportReporter -->
<testsuite skipped="0" hostname="DayaNithya" name="qaclickacademy.MavenJava.RestAPITest" tests="2" failures="0" timestamp="2022-01-02T11:43:06 IST" time="0.006" errors="0">
  <testcase name="postJira" time="0.001" classname="qaclickacademy.MavenJava.RestAPITest"/>
  <system-out/>
  <testcase name="deleteTwitter" time="0.005" classname="qaclickacademy.MavenJava.RestAPITest"/>
  <system-out/>
</testsuite> <!-- qaclickacademy.MavenJava.RestAPITest -->
