<?xml version="1.0" encoding="UTF-8"?>
<!-- Generated by org.testng.reporters.JUnitReportReporter -->
<testsuite skipped="0" hostname="DayaNithya" name="qaclickacademy.MavenJava.AppiumTest" tests="1" failures="0" timestamp="2022-01-02T11:43:28 IST" time="0.001" errors="0">
  <testcase name="IOSApps" time="0.001" classname="qaclickacademy.MavenJava.AppiumTest"/>
  <system-out/>
</testsuite> <!-- qaclickacademy.MavenJava.AppiumTest -->
